\BOOKMARK [0][-]{chapter*.4}{\376\377\000L\000o\000s\000\040\000n\000e\000g\000o\000c\000i\000o\000s\000\040\000s\000o\000n\000\040\000m\000a\000t\000e\000m\000\341\000t\000i\000c\000a\000s}{}% 1
\BOOKMARK [1][-]{section*.5}{\376\377\000C\000o\000m\000e\000t\000\355\000\040\000d\000o\000s\000\040\000e\000r\000r\000o\000r\000e\000s\000\040\000g\000r\000a\000n\000d\000e\000s\000\040\000c\000o\000n\000\040\000e\000s\000e\000\040\000n\000e\000g\000o\000c\000i\000o}{chapter*.4}% 2
\BOOKMARK [1][-]{section*.6}{\376\377\000U\000s\000a\000r\000\040\000d\000a\000t\000o\000s\000\040\000e\000n\000\040\000l\000o\000s\000\040\000n\000e\000g\000o\000c\000i\000o\000s\000\040\000s\000i\000g\000n\000i\000f\000i\000c\000a\000\040\000t\000e\000n\000e\000r\000\040\000l\000a\000\040\000h\000u\000m\000i\000l\000d\000a\000d\000\040\000d\000e\000\040\000a\000c\000e\000p\000t\000a\000r\000\040\000q\000u\000e\000\040\000n\000o\000\040\000l\000o\000\040\000s\000a\000b\000e\000m\000o\000s\000\040\000t\000o\000d\000o}{chapter*.4}% 3
\BOOKMARK [1][-]{section*.7}{\376\377\000E\000s\000t\000e\000\040\000l\000i\000b\000r\000o\000\040\000e\000s\000t\000\341\000\040\000d\000i\000s\000e\000\361\000a\000d\000o\000\040\000p\000a\000r\000a\000\040\000u\000n\000\040\000m\000u\000n\000d\000o\000\040\000d\000o\000n\000d\000e\000\040\000l\000a\000\040\000I\000n\000t\000e\000l\000i\000g\000e\000n\000c\000i\000a\000\040\000A\000r\000t\000i\000f\000i\000c\000i\000a\000l\000\040\000p\000u\000e\000d\000e\000\040\000h\000a\000c\000e\000r\000\040\000a\000n\000\341\000l\000i\000s\000i\000s\000\040\000d\000e\000\040\000d\000a\000t\000o\000s}{chapter*.4}% 4
\BOOKMARK [1][-]{section*.8}{\376\377\000\277\000Q\000u\000\351\000\040\000n\000e\000c\000e\000s\000i\000t\000a\000s\000\040\000s\000a\000b\000e\000r\000\040\000a\000n\000t\000e\000s\000\040\000d\000e\000\040\000c\000o\000m\000e\000n\000z\000a\000r\000?}{chapter*.4}% 5
\BOOKMARK [0][-]{chapter*.9}{\376\377\000P\000y\000t\000h\000o\000n\000\040\000p\000a\000r\000a\000\040\000E\000c\000o\000n\000o\000m\000e\000t\000r\000\355\000a}{}% 6
\BOOKMARK [1][-]{section*.10}{\376\377\000A\000n\000t\000e\000s\000\040\000d\000e\000\040\000q\000u\000e\000\040\000e\000x\000i\000s\000t\000i\000e\000r\000a\000\040\000P\000y\000t\000h\000o\000n\000,\000\040\000t\000e\000n\000\355\000a\000m\000o\000s\000\040\000a\000\040\000F\000l\000o\000r\000e\000n\000c\000e\000\040\000N\000i\000g\000h\000t\000i\000n\000g\000a\000l\000e}{chapter*.9}% 7
\BOOKMARK [1][-]{section*.11}{\376\377\000E\000l\000\040\000p\000r\000i\000m\000e\000r\000\040\000p\000a\000s\000o\000\040\000p\000a\000r\000a\000\040\000h\000a\000c\000e\000r\000\040\000e\000c\000o\000n\000o\000m\000e\000t\000r\000\355\000a\000\040\000c\000o\000n\000\040\000p\000y\000t\000h\000o\000n}{chapter*.9}% 8
\BOOKMARK [1][-]{section*.12}{\376\377\000F\000a\000m\000i\000l\000i\000a\000r\000\355\000z\000a\000t\000e\000\040\000c\000o\000n\000\040\000P\000y\000t\000h\000o\000n}{chapter*.9}% 9
\BOOKMARK [1][-]{section*.13}{\376\377\000M\000\363\000d\000u\000l\000o\000s\000\040\000d\000e\000\040\000P\000y\000t\000h\000o\000n\000\040\000p\000a\000r\000a\000\040\000h\000a\000c\000e\000r\000\040\000e\000c\000o\000n\000o\000m\000e\000t\000r\000\355\000a}{chapter*.9}% 10
0r\000\355\000a}{chapter*.9}% 10
\BOOKMARK [1][-]{section*.14}{\376\377\000U\000n\000\040\000j\000u\000e\000g\000o\000\040\000d\000e\000\040\000l\000o\000t\000e\000r\000\355\000a\000\040\000c\000o\000n\000\040\000p\000y\000t\000h\000o\000n}{chapter*.9}% 11
\BOOKMARK [1][-]{section*.15}{\376\377\000C\000o\000n\000\040\000e\000s\000t\000a\000\040\000l\000i\000s\000t\000a\000\040\000y\000a\000\040\000p\000o\000d\000e\000m\000o\000s\000\040\000r\000e\000p\000a\000r\000t\000i\000r\000\040\000l\000a\000s\000\040\000t\000a\000b\000l\000a\000s}{chapter*.9}% 12
\BOOKMARK [1][-]{section*.16}{\376\377\000C\000a\000n\000t\000a\000r\000\040\000l\000a\000s\000\040\000c\000a\000r\000t\000a\000s}{chapter*.9}% 13
\BOOKMARK [1][-]{section*.17}{\376\377\000M\000a\000r\000c\000a\000n\000d\000o\000\040\000l\000a\000s\000\040\000C\000a\000r\000t\000a\000s}{chapter*.9}% 14
\BOOKMARK [1][-]{section*.18}{\376\377\000V\000e\000r\000i\000f\000i\000c\000a\000n\000d\000o\000\040\000e\000l\000\040\000G\000a\000n\000a\000d\000o\000r}{chapter*.9}% 15
\BOOKMARK [1][-]{section*.19}{\376\377\000P\000r\000e\000g\000u\000n\000t\000a\000s\000\040\000f\000r\000e\000c\000u\000e\000n\000t\000e\000s\000\040\000e\000n\000\040\000l\000a\000s\000\040\000p\000r\000i\000m\000e\000r\000a\000s\000\040\000s\000e\000s\000i\000o\000n\000e\000s\000\040\000d\000e\000\040\000p\000y\000t\000h\000o\000n}{chapter*.9}% 16
\BOOKMARK [1][-]{section*.20}{\376\377\000Y\000a\000\040\000s\000a\000b\000e\000s\000\040\000u\000s\000a\000r\000\040\000P\000y\000t\000h\000o\000n\000,\000\040\000a\000h\000o\000r\000a\000\040\000a\000p\000r\000e\000n\000d\000a\000m\000o\000s\000\040\000e\000c\000o\000n\000o\000m\000e\000t\000r\000\355\000a}{chapter*.9}% 17
\BOOKMARK [0][-]{chapter*.21}{\376\377\000E\000l\000\040\000m\000o\000d\000e\000l\000o\000\040\000d\000e\000\040\000r\000e\000s\000u\000l\000t\000a\000d\000o\000s\000\040\000p\000o\000t\000e\000n\000c\000i\000a\000l\000e\000s}{}% 18
\BOOKMARK [1][-]{section*.22}{\376\377\000E\000n\000\040\000u\000n\000\040\000u\000n\000i\000v\000e\000r\000s\000o\000,\000\040\000f\000u\000i\000s\000t\000e\000\040\000a\000\040\000H\000a\000r\000v\000a\000r\000d}{chapter*.21}% 19
\BOOKMARK [1][-]{section*.24}{\376\377\000S\000e\000s\000g\000o\000\040\000d\000e\000\040\000S\000e\000l\000e\000c\000c\000i\000\363\000n}{chapter*.21}% 20
\BOOKMARK [1][-]{section*.25}{\376\377\000E\000l\000\040\000b\000e\000n\000e\000f\000i\000c\000i\000o\000\040\000d\000e\000\040\000e\000n\000t\000r\000a\000r\000\040\000a\000\040\000u\000n\000a\000\040\000e\000s\000c\000u\000e\000l\000a\000\040\000m\000\341\000s\000\040\000s\000e\000l\000e\000c\000t\000i\000v\000a}{chapter*.21}% 21
\BOOKMARK [1][-]{section*.26}{\376\377\000D\000e\000s\000c\000u\000b\000r\000i\000e\000n\000d\000o\000\040\000e\000l\000\040\000s\000e\000s\000g\000o\000\040\000d\000e\000\040\000s\000e\000l\000e\000c\000c\000i\000\363\000n}{chapter*.21}% 22
\BOOKMARK [1][-]{section*.27}{\376\377\000E\000l\000\040\000e\000x\000p\000e\000r\000i\000m\000e\000n\000t\000o\000\040\000a\000l\000e\000a\000t\000o\000r\000i\000o\000\040\000i\000d\000e\000a\000l}{chapter*.21}% 23
\BOOKMARK [1][-]{section*.28}{\376\377\000E\000x\000p\000e\000r\000i\000m\000e\000n\000t\000o\000\040\000i\000d\000e\000a\000l\000\040\000y\000\040\000e\000x\000p\000e\000r\000i\000m\000e\000n\000t\000o\000s\000\040\000n\000a\000t\000u\000r\000a\000l\000e\000s}{chapter*.21}% 24
\BOOKMARK [1][-]{section*.29}{\376\377\000D\000i\000s\000e\000\361\000a\000\040\000t\000u\000\040\000e\000x\000p\000e\000r\000i\000m\000e\000n\000t\000o\000\040\000i\000d\000e\000a\000l\000\040\000c\000o\000n\000\040\000I\000n\000t\000e\000l\000i\000g\000e\000n\000c\000i\000a\000\040\000A\000r\000t\000i\000f\000i\000c\000i\000a\000l}{chapter*.21}% 25
\BOOKMARK [0][-]{chapter*.30}{\376\377\000R\000e\000g\000r\000e\000s\000i\000\363\000n\000\040\000L\000i\000n\000e\000a\000l}{}% 26
\BOOKMARK [1][-]{section*.31}{\376\377\000E\000l\000\040\000m\000o\000d\000e\000l\000o\000\040\000d\000e\000\040\000m\000\355\000n\000i\000m\000o\000s\000\040\000c\000u\000a\000d\000r\000a\000d\000o\000s\000\040\000o\000r\000d\000i\000n\000a\000r\000i\000o\000s}{chapter*.30}% 27
\BOOKMARK [1][-]{section*.32}{\376\377\000\040\000M\000\355\000n\000i\000m\000o\000s\000\040\000c\000u\000a\000d\000r\000a\000d\000o\000s\000\040\000o\000r\000d\000i\000n\000a\000r\000i\000o\000s}{chapter*.30}% 28
\BOOKMARK [1][-]{section*.33}{\376\377\000O\000b\000t\000e\000n\000i\000e\000n\000d\000o\000\040\000l\000o\000s\000\040\000e\000s\000t\000i\000m\000a\000d\000o\000r\000e\000s\000\040\000d\000e\000\040\000O\000L\000S}{chapter*.30}% 29
\BOOKMARK [1][-]{section*.34}{\376\377\000P\000r\000o\000p\000i\000e\000d\000a\000d\000e\000s\000\040\000d\000e\000\040\000l\000o\000s\000\040\000e\000s\000t\000i\000m\000a\000d\000o\000r\000e\000s\000\040\000d\000e\000\040\000M\000\355\000n\000i\000m\000o\000s\000\040\000C\000u\000a\000d\000r\000a\000d\000o\000s}{chapter*.30}% 30
\BOOKMARK [1][-]{section*.35}{\376\377\000E\000l\000\040\000t\000e\000o\000r\000e\000m\000a\000\040\000d\000e\000\040\000G\000a\000u\000s\000s\000-\000M\000\341\000r\000k\000o\000v\000\040\000y\000\040\000s\000u\000s\000\040\000s\000u\000p\000u\000e\000s\000t\000o\000s}{chapter*.30}% 31
\BOOKMARK [1][-]{section*.36}{\376\377\000L\000o\000s\000\040\000s\000u\000p\000u\000e\000s\000t\000o\000s}{chapter*.30}% 32
\BOOKMARK [1][-]{section*.37}{\376\377\000C\000\363\000m\000o\000\040\000i\000n\000t\000e\000r\000p\000r\000e\000t\000a\000r\000\040\000e\000l\000\040\000r\000e\000p\000o\000r\000t\000e\000\040\000d\000e\000\040\000r\000e\000g\000r\000e\000s\000i\000\363\000n\000:\000\040\000L\000a\000\040\000g\000u\000\355\000a\000\040\000d\000e\000l\000\040\000e\000c\000o\000n\000o\000m\000i\000s\000t\000a\000\040\000p\000r\000i\000n\000c\000i\000p\000i\000a\000n\000t\000e\000\040\000p\000a\000r\000a\000\040\000q\000u\000e\000\040\000a\000c\000e\000p\000t\000e\000n\000\040\000s\000u\000\040\000p\000r\000i\000m\000e\000r\000\040\000a\000r\000t\000\355\000c\000u\000l\000o}{chapter*.30}% 33
\BOOKMARK [1][-]{section*.38}{\376\377\000\277\000Q\000u\000\351\000\040\000p\000a\000s\000a\000\040\000s\000i\000\040\000m\000i\000\040\000r\000e\000g\000r\000e\000s\000i\000\363\000n\000\040\000n\000o\000\040\000c\000u\000m\000p\000l\000e\000\040\000c\000o\000n\000\040\000l\000o\000s\000\040\000s\000u\000p\000u\000e\000s\000t\000o\000s\000?}{chapter*.30}% 34
\BOOKMARK [1][-]{section*.39}{\376\377\000A\000p\000\351\000n\000d\000i\000c\000e\000:\000\040\000A\000l\000g\000u\000n\000a\000s\000\040\000p\000r\000e\000g\000u\000n\000t\000a\000s\000\040\000q\000u\000e\000\040\000t\000e\000\040\000p\000u\000d\000i\000e\000r\000o\000n\000\040\000h\000a\000b\000e\000r\000\040\000q\000u\000e\000d\000a\000d\000o\000,\000\040\000e\000x\000p\000l\000i\000c\000a\000d\000a\000s\000\040\000c\000o\000n\000\040\000m\000\341\000s\000\040\000d\000e\000t\000a\000l\000l\000e}{chapter*.30}% 35
\BOOKMARK [1][-]{section*.47}{\376\377\000\277\000P\000o\000r\000\040\000q\000u\000\351\000\040\000e\000s\000\040\000i\000m\000p\000o\000r\000t\000a\000n\000t\000e\000\040\000i\000d\000e\000n\000t\000i\000f\000i\000c\000a\000r\000\040\000l\000a\000\040\000m\000u\000l\000t\000i\000c\000o\000l\000i\000n\000e\000a\000l\000i\000d\000a\000d\000?}{chapter*.30}% 36
\BOOKMARK [1][-]{section*.49}{\376\377\000U\000n\000\040\000p\000o\000c\000o\000\040\000e\000x\000t\000r\000a\000\040\000s\000o\000b\000r\000e\000\040\000G\000a\000u\000s\000s}{chapter*.30}% 37
\BOOKMARK [0][-]{chapter*.51}{\376\377\000E\000x\000p\000e\000r\000i\000m\000e\000n\000t\000o\000s\000\040\000y\000\040\000P\000r\000u\000e\000b\000a\000s\000\040\000A\000/\000B}{}% 38
\BOOKMARK [1][-]{section*.52}{\376\377\000L\000o\000s\000\040\000e\000x\000p\000e\000r\000i\000m\000e\000n\000t\000o\000s\000\040\000s\000o\000n\000\040\000e\000l\000\040\000g\000o\000l\000d\000\040\000s\000t\000a\000n\000d\000a\000r\000d\000\040\000d\000e\000\040\000l\000a\000\040\000c\000i\000e\000n\000c\000i\000a}{chapter*.51}% 39
\BOOKMARK [1][-]{section*.53}{\376\377\000\277\000P\000o\000r\000\040\000q\000u\000\351\000\040\000s\000e\000\040\000u\000s\000a\000n\000\040\000e\000x\000p\000e\000r\000i\000m\000e\000n\000t\000o\000s\000\040\000p\000a\000r\000a\000\040\000h\000a\000c\000e\000r\000\040\000i\000n\000f\000e\000r\000e\000n\000c\000i\000a\000\040\000c\000a\000u\000s\000a\000l\000\040\000e\000n\000\040\000l\000o\000s\000\040\000n\000e\000g\000o\000c\000i\000o\000s\000?}{chapter*.51}% 40
\BOOKMARK [1][-]{section*.54}{\376\377\000\277\000Q\000u\000\351\000\040\000p\000a\000s\000a\000\040\000c\000u\000a\000n\000d\000o\000\040\000n\000o\000\040\000s\000e\000\040\000p\000u\000e\000d\000e\000\040\000h\000a\000c\000e\000r\000\040\000u\000n\000\040\000e\000x\000p\000e\000r\000i\000m\000e\000n\000t\000o\000?}{chapter*.51}% 41
\BOOKMARK [1][-]{section*.55}{\376\377\000A\000u\000n\000q\000u\000e\000\040\000n\000o\000\040\000l\000o\000\040\000c\000r\000e\000a\000s\000,\000\040\000h\000a\000y\000\040\000p\000r\000e\000g\000u\000n\000t\000a\000s\000\040\000q\000u\000e\000\040\000n\000o\000\040\000s\000e\000\040\000p\000u\000e\000d\000e\000n\000\040\000r\000e\000s\000o\000l\000v\000e\000r\000\040\000n\000i\000\040\000a\000\372\000n\000\040\000c\000o\000n\000\040\000u\000n\000\040\000e\000x\000p\000e\000r\000i\000m\000e\000n\000t\000o\000.}{chapter*.51}% 42
\BOOKMARK [1][-]{section*.56}{\376\377\000E\000j\000e\000m\000p\000l\000o\000:\000\040\000E\000l\000\040\000e\000f\000e\000c\000t\000o\000\040\000d\000e\000\040\000l\000a\000s\000\040\000b\000\372\000s\000q\000u\000e\000d\000a\000s\000\040\000p\000a\000g\000a\000d\000a\000s\000\040\000e\000n\000\040\000l\000a\000s\000\040\000v\000e\000n\000t\000a\000s}{chapter*.51}% 43
\BOOKMARK [1][-]{section*.57}{\376\377\000P\000r\000o\000m\000p\000t\000:\000\040\000D\000i\000s\000e\000\361\000a\000\040\000e\000l\000\040\000e\000x\000p\000e\000r\000i\000m\000e\000n\000t\000o\000\040\000i\000d\000e\000a\000l}{chapter*.51}% 44
\BOOKMARK [0][-]{chapter*.58}{\376\377\000E\000f\000e\000c\000t\000o\000s\000\040\000F\000i\000j\000o\000s}{}% 45
\BOOKMARK [1][-]{section*.59}{\376\377\000C\000\363\000m\000o\000\040\000s\000e\000\040\000v\000e\000n\000\040\000l\000o\000s\000\040\000d\000a\000t\000o\000s\000\040\000e\000n\000\040\000p\000a\000n\000e\000l}{chapter*.58}% 46
\BOOKMARK [1][-]{section*.60}{\376\377\000L\000o\000s\000\040\000e\000f\000e\000c\000t\000o\000s\000\040\000f\000i\000j\000o\000s\000\040\000s\000o\000n\000\040\000s\000\363\000l\000o\000\040\000u\000n\000a\000\040\000a\000g\000l\000o\000m\000e\000r\000a\000c\000i\000\363\000n\000\040\000d\000e\000\040\000v\000a\000r\000i\000a\000b\000l\000e\000s\000\040\000d\000e\000\040\000c\000o\000n\000t\000r\000o\000l\000\040\000e\000n\000\040\000u\000n\000a\000\040\000s\000o\000l\000a}{chapter*.58}% 47
\BOOKMARK [1][-]{section*.61}{\376\377\000V\000a\000r\000i\000a\000c\000i\000\363\000n\000\040\000d\000e\000n\000t\000r\000o\000\040\000d\000e\000l\000\040\000i\000n\000d\000i\000v\000i\000d\000u\000o}{chapter*.58}% 48
\BOOKMARK [1][-]{section*.62}{\376\377\000E\000l\000\040\000e\000f\000e\000c\000t\000o\000\040\000f\000i\000j\000o\000\040\000d\000e\000\040\000d\000o\000s\000\040\000v\000\355\000a\000s}{chapter*.58}% 49
\BOOKMARK [0][-]{chapter*.63}{\376\377\000C\000\363\000m\000o\000\040\000s\000e\000\040\000u\000s\000a\000n\000\040\000l\000o\000s\000\040\000m\000o\000d\000e\000l\000o\000s\000\040\000d\000e\000\040\000s\000e\000r\000i\000e\000s\000\040\000d\000e\000\040\000t\000i\000e\000m\000p\000o\000\040\000p\000a\000r\000a\000\040\000p\000r\000o\000y\000e\000c\000t\000a\000r\000\040\000l\000a\000s\000\040\000v\000e\000n\000t\000a\000s\000\040\000e\000n\000\040\000u\000n\000a\000\040\000e\000m\000p\000r\000e\000s\000a}{}% 50
\BOOKMARK [1][-]{section*.64}{\376\377\000I\000n\000t\000r\000o\000d\000u\000c\000c\000i\000\363\000n}{chapter*.63}% 51
\BOOKMARK [1][-]{section*.66}{\376\377\000P\000r\000o\000p\000i\000e\000d\000a\000d\000e\000s\000\040\000d\000e\000\040\000l\000a\000s\000\040\000S\000e\000r\000i\000e\000s\000\040\000d\000e\000\040\000T\000i\000e\000m\000p\000o}{chapter*.63}% 52
\BOOKMARK [1][-]{section*.68}{\376\377\000E\000l\000\040\000m\000o\000d\000e\000l\000o\000\040\000A\000R\000I\000M\000A}{chapter*.63}% 53
\BOOKMARK [1][-]{section*.70}{\376\377\000M\000e\000d\000i\000a\000s\000\040\000M\000\363\000v\000i\000l\000e\000s\000:\000\040\000L\000a\000\040\000M\000A\000\040\000d\000e\000\040\000A\000R\000I\000M\000A}{chapter*.63}% 54
\BOOKMARK [1][-]{section*.71}{\376\377\000A\000p\000\351\000n\000d\000i\000c\000e}{chapter*.63}% 55
\BOOKMARK [0][-]{chapter*.76}{\376\377\000D\000i\000f\000e\000r\000e\000n\000c\000i\000a\000s\000\040\000e\000n\000\040\000D\000i\000f\000e\000r\000e\000n\000c\000i\000a\000s}{}% 56
\BOOKMARK [1][-]{section*.77}{\376\377\000E\000l\000\040\000s\000u\000p\000u\000e\000s\000t\000o\000\040\000d\000e\000\040\000l\000a\000s\000\040\000t\000e\000n\000d\000e\000n\000c\000i\000a\000s\000\040\000p\000a\000r\000a\000l\000e\000l\000a\000s}{chapter*.76}% 57
\BOOKMARK [0][-]{chapter*.78}{\376\377\000L\000a\000\040\000\372\000n\000i\000c\000a\000\040\000f\000o\000r\000m\000a\000\040\000d\000e\000\040\000c\000r\000e\000a\000r\000\040\000v\000a\000l\000o\000r\000\040\000e\000s\000\040\000i\000t\000e\000r\000a\000n\000d\000o\000\040\000a\000\040\000p\000a\000r\000t\000i\000r\000\040\000d\000e\000\040\000l\000o\000s\000\040\000d\000a\000t\000o\000s}{}% 58
\BOOKMARK [1][-]{section*.79}{\376\377\000L\000a\000\040\000m\000e\000t\000o\000d\000o\000l\000o\000g\000\355\000a\000\040\000L\000e\000a\000n\000\040\000S\000t\000a\000r\000t\000u\000p}{chapter*.78}% 59
\BOOKMARK [1][-]{section*.80}{\376\377\000B\000a\000y\000e\000s\000\040\000y\000\040\000l\000a\000s\000\040\000b\000o\000l\000a\000s\000\040\000d\000e\000\040\000B\000i\000l\000l\000a\000r}{chapter*.78}% 60
\BOOKMARK [1][-]{section*.83}{\376\377\000M\000\351\000t\000r\000i\000c\000a\000s\000\040\000y\000\040\000e\000x\000p\000e\000r\000i\000m\000e\000n\000t\000o\000s}{chapter*.78}% 61
\BOOKMARK [1][-]{section*.85}{\376\377\000R\000e\000a\000l\000i\000z\000a\000\040\000c\000a\000m\000b\000i\000o\000s\000\040\000b\000a\000s\000a\000d\000o\000s\000\040\000e\000n\000\040\000l\000a\000\040\000e\000v\000i\000d\000e\000n\000c\000i\000a}{chapter*.78}% 62
\BOOKMARK [1][-]{section*.86}{\376\377\000C\000\363\000m\000o\000\040\000h\000a\000c\000e\000r\000\040\000u\000n\000a\000\040\000e\000m\000p\000r\000e\000s\000a\000\040\000b\000a\000s\000a\000d\000a\000\040\000e\000n\000\040\000d\000a\000t\000o\000s}{chapter*.78}% 63
\BOOKMARK [0][-]{chapter*.87}{\376\377\000C\000\363\000m\000o\000\040\000h\000a\000c\000e\000r\000\040\000I\000n\000v\000e\000s\000t\000i\000g\000a\000c\000i\000\363\000n\000\040\000d\000e\000\040\000m\000e\000r\000c\000a\000d\000o\000s\000\040\000c\000o\000n\000\040\000i\000n\000t\000e\000l\000i\000g\000e\000n\000c\000i\000a\000\040\000a\000r\000t\000i\000f\000i\000c\000i\000a\000l}{}% 64
\BOOKMARK [1][-]{section*.88}{\376\377\000C\000u\000a\000n\000d\000o\000\040\000u\000n\000a\000\040\000m\000a\000r\000c\000a\000\040\000d\000e\000\040\000p\000a\000s\000t\000e\000l\000e\000s\000\040\000i\000n\000s\000t\000a\000n\000t\000\341\000n\000e\000o\000s\000\040\000d\000e\000c\000i\000d\000i\000\363\000\040\000q\000u\000i\000t\000a\000r\000l\000e\000\040\000i\000n\000g\000r\000e\000d\000i\000e\000n\000t\000e\000s\000\040\000a\000\040\000s\000u\000\040\000p\000r\000o\000d\000u\000c\000t\000o\000\040\000y\000\040\000\241\000v\000e\000n\000d\000i\000e\000r\000o\000n\000\040\000m\000\341\000s\000\040\000q\000u\000e\000\040\000n\000u\000n\000c\000a}{chapter*.87}% 65
\BOOKMARK [1][-]{section*.89}{\376\377\000P\000e\000r\000o\000\040\000\277\000U\000n\000\040\000e\000s\000t\000u\000d\000i\000o\000\040\000d\000e\000\040\000m\000e\000r\000c\000a\000d\000o\000\040\000e\000s\000\040\000s\000\363\000l\000o\000\040\000h\000a\000c\000e\000r\000\040\000p\000r\000e\000g\000u\000n\000t\000a\000s\000?}{chapter*.87}% 66
\BOOKMARK [1][-]{section*.90}{\376\377\000U\000s\000e\000m\000o\000s\000\040\000a\000\040\000c\000h\000a\000t\000G\000P\000T\000\040\000p\000a\000r\000a\000\040\000d\000i\000s\000e\000\361\000a\000r\000\040\000u\000n\000a\000\040\000e\000n\000c\000u\000e\000s\000t\000a\000\040\000e\000n\000\040\000e\000l\000\040\000e\000s\000t\000i\000l\000o\000\040\000d\000e\000l\000\040\000M\000o\000m\000\040\000T\000e\000s\000t}{chapter*.87}% 67
\BOOKMARK [1][-]{section*.94}{\376\377\000T\000r\000a\000n\000s\000f\000o\000r\000m\000a\000n\000d\000o\000\040\000n\000u\000e\000s\000t\000r\000o\000\040\000e\000s\000t\000u\000d\000i\000o\000\040\000a\000l\000\040\000e\000s\000t\000i\000l\000o\000\040\000d\000e\000l\000\040\000m\000o\000m\000\040\000t\000e\000s\000t}{chapter*.87}% 68
\BOOKMARK [0][-]{chapter*.95}{\376\377\000E\000j\000e\000r\000c\000i\000c\000i\000o\000s}{}% 69
\BOOKMARK [0][-]{chapter*.96}{\376\377\000B\000i\000b\000l\000i\000o\000g\000r\000a\000f\000\355\000a}{}% 70
