Traceback (most recent call last):
  File "/usr/local/lib/python3.9/site-packages/jupyter_cache/executors/utils.py", line 58, in single_nb_execution
    executenb(
  File "/usr/local/lib/python3.9/site-packages/nbclient/client.py", line 1112, in execute
    return NotebookClient(nb=nb, resources=resources, km=km, **kwargs).execute()
  File "/usr/local/lib/python3.9/site-packages/nbclient/util.py", line 74, in wrapped
    return just_run(coro(*args, **kwargs))
  File "/usr/local/lib/python3.9/site-packages/nbclient/util.py", line 53, in just_run
    return loop.run_until_complete(coro)
  File "/usr/local/Cellar/python@3.9/3.9.18_2/Frameworks/Python.framework/Versions/3.9/lib/python3.9/asyncio/base_events.py", line 647, in run_until_complete
    return future.result()
  File "/usr/local/lib/python3.9/site-packages/nbclient/client.py", line 553, in async_execute
    await self.async_execute_cell(
  File "/usr/local/lib/python3.9/site-packages/nbclient/client.py", line 857, in async_execute_cell
    self._check_raise_for_error(cell, exec_reply)
  File "/usr/local/lib/python3.9/site-packages/nbclient/client.py", line 760, in _check_raise_for_error
    raise CellExecutionError.from_cell_and_msg(cell, exec_reply_content)
nbclient.exceptions.CellExecutionError: An error occurred while executing the following cell:
------------------
import pandas as pd
import numpy as np
from sklearn.linear_model import LogisticRegression
from sklearn.metrics import accuracy_score
from scipy.stats import ttest_ind

# Crear un DataFrame inventado de ejemplo
np.random.seed(0)
n = 100  # número de observaciones
df = pd.DataFrame({
    'edad': np.random.randint(18, 22, size=n),
    'sexo': np.random.choice(['M', 'F'], size=n),
    'promedio_pre': np.random.uniform(6, 10, size=n),  # promedio antes del evento
    'tratamiento': np.random.choice([0, 1], size=n),  # 1 si asistieron a la fiesta, 0 si no
})

# Añadir una variable de resultado influenciada por el tratamiento y otras variables
df['resultado'] = df['promedio_pre'] + np.where(df['tratamiento'] == 1, -0.5, 0.5) + np.random.normal(0, 0.25, size=n)

# Propensity score matching
X = pd.get_dummies(df.drop(['tratamiento', 'resultado'], axis=1))  # Variables confusoras
y = df['tratamiento']  # Variable de tratamiento

# Ajustar un modelo logístico
modelo_logistico = LogisticRegression()
modelo_logistico.fit(X, y)
propensity_scores = modelo_logistico.predict_proba(X)[:, 1]

# Añadir propensity score al DataFrame
df['propensity_score'] = propensity_scores

# Separar en grupos de tratamiento y control
tratados = df[df['tratamiento'] == 1]
control = df[df['tratamiento'] == 0]
emparejados = pd.concat([tratados, control]).sort_values('propensity_score')

# Análisis de resultados
tratados_resultados = emparejados[emparejados['tratamiento'] == 1]['resultado']
control_resultados = emparejados[emparejados['tratamiento'] == 0]['resultado']

# Test t para comparar las medias
t_stat, p_valor = ttest_ind(tratados_resultados, control_resultados)

t_stat, p_valor
# (-5.993753901826858, 3.4170361050226936e-08)
------------------

[0;31m---------------------------------------------------------------------------[0m
[0;31mModuleNotFoundError[0m                       Traceback (most recent call last)
[0;32m<ipython-input-2-973969f56798>[0m in [0;36m<module>[0;34m[0m
[1;32m      1[0m [0;32mimport[0m [0mpandas[0m [0;32mas[0m [0mpd[0m[0;34m[0m[0;34m[0m[0m
[1;32m      2[0m [0;32mimport[0m [0mnumpy[0m [0;32mas[0m [0mnp[0m[0;34m[0m[0;34m[0m[0m
[0;32m----> 3[0;31m [0;32mfrom[0m [0msklearn[0m[0;34m.[0m[0mlinear_model[0m [0;32mimport[0m [0mLogisticRegression[0m[0;34m[0m[0;34m[0m[0m
[0m[1;32m      4[0m [0;32mfrom[0m [0msklearn[0m[0;34m.[0m[0mmetrics[0m [0;32mimport[0m [0maccuracy_score[0m[0;34m[0m[0;34m[0m[0m
[1;32m      5[0m [0;32mfrom[0m [0mscipy[0m[0;34m.[0m[0mstats[0m [0;32mimport[0m [0mttest_ind[0m[0;34m[0m[0;34m[0m[0m

[0;31mModuleNotFoundError[0m: No module named 'sklearn'
ModuleNotFoundError: No module named 'sklearn'

